<?xml version="1.0" encoding="UTF-8"?>
<testng-results ignored="0" total="1" passed="1" failed="0" skipped="0">
  <reporter-output>
  </reporter-output>
  <suite started-at="2026-06-21T22:10:53 IST" name="Default suite" finished-at="2026-06-21T22:12:26 IST" duration-ms="92944">
    <groups>
    </groups>
    <test started-at="2026-06-21T22:10:53 IST" name="Default test" finished-at="2026-06-21T22:12:26 IST" duration-ms="92944">
      <class name="tests.EndToEndCheckoutTest">
        <test-method is-config="true" signature="setUp()[pri:0, instance:tests.EndToEndCheckoutTest@352c1b98]" started-at="2026-06-21T22:10:53 IST" name="setUp" finished-at="2026-06-21T22:11:09 IST" duration-ms="16454" status="PASS">
          <reporter-output>
          </reporter-output>
        </test-method> <!-- setUp -->
        <test-method signature="testEndToEndCheckout(java.lang.String,java.lang.String,java.lang.String,java.lang.String,java.lang.String,java.lang.String,java.lang.String,java.lang.String,java.lang.String,java.lang.String,java.lang.String)[pri:0, instance:tests.EndToEndCheckoutTest@352c1b98]" started-at="2026-06-21T22:11:17 IST" name="testEndToEndCheckout" data-provider="checkoutData" finished-at="2026-06-21T22:12:23 IST" duration-ms="66573" status="PASS">
          <params>
            <param index="0">
              <value>
                <![CDATA[Dharmaveer]]>
              </value>
            </param>
            <param index="1">
              <value>
                <![CDATA[Palshetkar]]>
              </value>
            </param>
            <param index="2">
              <value>
                <![CDATA[dharmaveerpalshetkar@gmail.com]]>
              </value>
            </param>
            <param index="3">
              <value>
                <![CDATA[Dharma@123]]>
              </value>
            </param>
            <param index="4">
              <value>
                <![CDATA[Thane Road]]>
              </value>
            </param>
            <param index="5">
              <value>
                <![CDATA[Mumbai]]>
              </value>
            </param>
            <param index="6">
              <value>
                <![CDATA[404002]]>
              </value>
            </param>
            <param index="7">
              <value>
                <![CDATA[India]]>
              </value>
            </param>
            <param index="8">
              <value>
                <![CDATA[9876543214]]>
              </value>
            </param>
            <param index="9">
              <value>
                <![CDATA[Ground]]>
              </value>
            </param>
            <param index="10">
              <value>
                <![CDATA[CreditCard]]>
              </value>
            </param>
          </params>
          <reporter-output>
          </reporter-output>
        </test-method> <!-- testEndToEndCheckout -->
        <test-method is-config="true" signature="tearDown()[pri:0, instance:tests.EndToEndCheckoutTest@352c1b98]" started-at="2026-06-21T22:12:24 IST" name="tearDown" finished-at="2026-06-21T22:12:26 IST" duration-ms="2300" status="PASS">
          <reporter-output>
          </reporter-output>
        </test-method> <!-- tearDown -->
      </class> <!-- tests.EndToEndCheckoutTest -->
    </test> <!-- Default test -->
  </suite> <!-- Default suite -->
</testng-results>
